<?xml version="1.0" encoding="UTF-8"?>
<!-- Generated by org.testng.reporters.JUnitReportReporter -->
<testsuite skipped="0" hostname="Lab-637618625471568706-1" name="testCases.Instagram" tests="1" failures="0" timestamp="26 Sep 2021 20:50:57 GMT" time="14.942" errors="0">
  <testcase name="openInstagramPage" time="14.942" classname="testCases.Instagram"/>
</testsuite> <!-- testCases.Instagram -->
