<?xml version="1.0" encoding="UTF-8"?>
<!-- Generated by org.testng.reporters.JUnitReportReporter -->
<testsuite skipped="0" hostname="Lab-637618625471568706-1" name="testCases.GiftCard" tests="5" failures="0" timestamp="26 Sep 2021 20:50:57 GMT" time="19.957" errors="0">
  <testcase name="selectGiftCard" time="16.655" classname="testCases.GiftCard"/>
  <testcase name="selectEvent" time="0.356" classname="testCases.GiftCard"/>
  <testcase name="enterAmount" time="0.644" classname="testCases.GiftCard"/>
  <testcase name="clickNext" time="0.272" classname="testCases.GiftCard"/>
  <testcase name="enterDetails" time="2.030" classname="testCases.GiftCard"/>
</testsuite> <!-- testCases.GiftCard -->
