<?xml version="1.0" encoding="UTF-8"?>
<!-- Generated by org.testng.reporters.JUnitReportReporter -->
<testsuite skipped="0" hostname="Lab-637618625471568706-1" name="testCases.SignInFacebook" tests="2" failures="0" timestamp="26 Sep 2021 20:50:57 GMT" time="41.169" errors="0">
  <testcase name="fbSignIn" time="19.808" classname="testCases.SignInFacebook"/>
  <testcase name="fbSignIn" time="21.361" classname="testCases.SignInFacebook"/>
</testsuite> <!-- testCases.SignInFacebook -->
