<?xml version="1.0" encoding="UTF-8"?>
<!-- Generated by org.testng.reporters.JUnitReportReporter -->
<testsuite skipped="0" hostname="Lab-637618625471568706-1" name="testCases.SelectAllSale" tests="2" failures="0" timestamp="26 Sep 2021 20:50:57 GMT" time="16.243" errors="0">
  <testcase name="clickSale" time="16.023" classname="testCases.SelectAllSale"/>
  <testcase name="getTitle" time="0.220" classname="testCases.SelectAllSale"/>
</testsuite> <!-- testCases.SelectAllSale -->
