<?xml version="1.0" encoding="UTF-8"?>
<!-- Generated by org.testng.reporters.JUnitReportReporter -->
<testsuite hostname="Lab-637618625471568706-1" failures="0" tests="1" name="testCases.Instagram" time="15.390" errors="0" timestamp="2021-09-26T20:50:55 IST" skipped="0">
  <testcase classname="testCases.Instagram" name="openInstagramPage" time="15.390"/>
  <system-out/>
</testsuite> <!-- testCases.Instagram -->
