<?xml version="1.0" encoding="UTF-8"?>
<!-- Generated by org.testng.reporters.JUnitReportReporter -->
<testsuite hostname="Lab-637618625471568706-1" failures="0" tests="1" name="testCases.StudyToCart" time="26.647" errors="0" timestamp="2021-09-26T20:50:55 IST" skipped="0">
  <testcase classname="testCases.StudyToCart" name="checkCart" time="26.647"/>
  <system-out/>
</testsuite> <!-- testCases.StudyToCart -->
