<?xml version="1.0" encoding="UTF-8"?>
<!-- Generated by org.testng.reporters.JUnitReportReporter -->
<testsuite hostname="Lab-637618625471568706-1" failures="0" tests="5" name="testCases.GiftCard" time="19.430" errors="0" timestamp="2021-09-26T20:50:55 IST" skipped="0">
  <testcase classname="testCases.GiftCard" name="selectGiftCard" time="16.382"/>
  <system-out/>
  <testcase classname="testCases.GiftCard" name="selectEvent" time="0.472"/>
  <system-out/>
  <testcase classname="testCases.GiftCard" name="enterAmount" time="0.485"/>
  <system-out/>
  <testcase classname="testCases.GiftCard" name="clickNext" time="0.423"/>
  <system-out/>
  <testcase classname="testCases.GiftCard" name="enterDetails" time="1.668"/>
  <system-out/>
</testsuite> <!-- testCases.GiftCard -->
