<?xml version="1.0" encoding="UTF-8"?>
<!-- Generated by org.testng.reporters.JUnitReportReporter -->
<testsuite hostname="Lab-637618625471568706-1" failures="0" tests="2" name="testCases.TrackOrder" time="53.396" errors="0" timestamp="2021-09-26T20:50:55 IST" skipped="0">
  <testcase classname="testCases.TrackOrder" name="submitOrderDetails" time="25.634"/>
  <system-out/>
  <testcase classname="testCases.TrackOrder" name="submitOrderDetails" time="27.762"/>
  <system-out/>
</testsuite> <!-- testCases.TrackOrder -->
