<?xml version="1.0" encoding="UTF-8"?>
<!-- Generated by org.testng.reporters.JUnitReportReporter -->
<testsuite hostname="Lab-637618625471568706-1" failures="0" tests="1" name="testCases.SelectApplicationStore" time="17.117" errors="0" timestamp="2021-09-26T20:50:55 IST" skipped="0">
  <testcase classname="testCases.SelectApplicationStore" name="openApplicationStore" time="17.117"/>
  <system-out/>
</testsuite> <!-- testCases.SelectApplicationStore -->
