<?xml version="1.0" encoding="UTF-8"?>
<!-- Generated by org.testng.reporters.JUnitReportReporter -->
<testsuite hostname="Lab-637618625471568706-1" failures="0" tests="2" name="testCases.ViewStores" time="6.130" errors="0" timestamp="2021-09-26T20:50:55 IST" skipped="0">
  <testcase classname="testCases.ViewStores" name="clickStore" time="4.076"/>
  <system-out/>
  <testcase classname="testCases.ViewStores" name="selectLocation" time="2.054"/>
  <system-out/>
</testsuite> <!-- testCases.ViewStores -->
