<?xml version="1.0" encoding="UTF-8"?>
<!-- Generated by org.testng.reporters.JUnitReportReporter -->
<testsuite hostname="Lab-637618625471568706-1" failures="0" tests="2" name="testCases.SelectAllSale" time="17.072" errors="0" timestamp="2021-09-26T20:50:55 IST" skipped="0">
  <testcase classname="testCases.SelectAllSale" name="clickSale" time="17.001"/>
  <system-out/>
  <testcase classname="testCases.SelectAllSale" name="getTitle" time="0.071"/>
  <system-out/>
</testsuite> <!-- testCases.SelectAllSale -->
