<?xml version="1.0" encoding="UTF-8"?>
<!-- Generated by org.testng.reporters.JUnitReportReporter -->
<testsuite skipped="0" hostname="Lab-637618625471568706-1" name="testCases.SelectApplicationStore" tests="1" failures="0" timestamp="26 Sep 2021 20:50:57 GMT" time="18.447" errors="0">
  <testcase name="openApplicationStore" time="18.447" classname="testCases.SelectApplicationStore"/>
</testsuite> <!-- testCases.SelectApplicationStore -->
