<?xml version="1.0" encoding="UTF-8"?>
<!-- Generated by org.testng.reporters.JUnitReportReporter -->
<testsuite skipped="0" hostname="Lab-637618625471568706-1" name="testCases.ViewStores" tests="2" failures="0" timestamp="26 Sep 2021 20:50:57 GMT" time="7.271" errors="0">
  <testcase name="selectLocation" time="2.543" classname="testCases.ViewStores"/>
  <testcase name="clickStore" time="4.728" classname="testCases.ViewStores"/>
</testsuite> <!-- testCases.ViewStores -->
