<?xml version="1.0" encoding="UTF-8"?>
<!-- Generated by org.testng.reporters.JUnitReportReporter -->
<testsuite skipped="0" hostname="Lab-637618625471568706-1" name="testCases.TrackOrder" tests="2" failures="0" timestamp="26 Sep 2021 20:50:57 GMT" time="48.923" errors="0">
  <testcase name="submitOrderDetails" time="23.481" classname="testCases.TrackOrder"/>
  <testcase name="submitOrderDetails" time="25.442" classname="testCases.TrackOrder"/>
</testsuite> <!-- testCases.TrackOrder -->
